<?xml version="1.0" encoding="UTF-8"?>
<!-- Generated by org.testng.reporters.JUnitReportReporter -->
<testsuite hostname="LAPTOP-A2KTD57B" failures="0" tests="1" name="samplePackage.Sample123" time="0.012" errors="0" timestamp="2025-02-18T16:25:25 IST" skipped="0">
  <testcase classname="samplePackage.Sample123" name="SampleTest" time="0.012"/>
  <system-out/>
</testsuite> <!-- samplePackage.Sample123 -->
