<?xml version="1.0" encoding="UTF-8"?>
<!-- Generated by org.testng.reporters.JUnitReportReporter -->
<testsuite hostname="LAPTOP-A2KTD57B" failures="0" tests="1" name="samplePackage.sample2102" time="5.106" errors="0" timestamp="2025-02-21T17:40:33 IST" skipped="0">
  <testcase classname="samplePackage.sample2102" name="sampleTest" time="5.106"/>
  <system-out/>
</testsuite> <!-- samplePackage.sample2102 -->
